<?xml version="1.0" encoding="UTF-8"?>
<coverage generated="1687281549016" clover="3.2.0">
  <project timestamp="1687281549016" name="All files">
    <metrics statements="15" coveredstatements="14" conditionals="8" coveredconditionals="7" methods="3" coveredmethods="3" elements="26" coveredelements="24" complexity="0" loc="15" ncloc="15" packages="1" files="3" classes="3"/>
    <file name="factorial.js" path="/Users/zecharydouglas/CSCTTP/Summer-2023-preinternship-master-directory/Summer-2023-preinternship/day06-algorithms-and-unit-testing-in-js/factorial.js">
      <metrics statements="3" coveredstatements="2" conditionals="2" coveredconditionals="1" methods="1" coveredmethods="1"/>
      <line num="2" count="1" type="cond" truecount="1" falsecount="1"/>
      <line num="3" count="0" type="stmt"/>
      <line num="6" count="1" type="stmt"/>
    </file>
    <file name="findmax.js" path="/Users/zecharydouglas/CSCTTP/Summer-2023-preinternship-master-directory/Summer-2023-preinternship/day06-algorithms-and-unit-testing-in-js/findmax.js">
      <metrics statements="10" coveredstatements="10" conditionals="6" coveredconditionals="6" methods="1" coveredmethods="1"/>
      <line num="2" count="3" type="cond" truecount="2" falsecount="0"/>
      <line num="3" count="1" type="stmt"/>
      <line num="4" count="2" type="cond" truecount="2" falsecount="0"/>
      <line num="5" count="1" type="stmt"/>
      <line num="7" count="1" type="stmt"/>
      <line num="8" count="1" type="stmt"/>
      <line num="9" count="6" type="cond" truecount="2" falsecount="0"/>
      <line num="10" count="3" type="stmt"/>
      <line num="13" count="1" type="stmt"/>
      <line num="15" count="1" type="stmt"/>
    </file>
    <file name="sum.js" path="/Users/zecharydouglas/CSCTTP/Summer-2023-preinternship-master-directory/Summer-2023-preinternship/day06-algorithms-and-unit-testing-in-js/sum.js">
      <metrics statements="2" coveredstatements="2" conditionals="0" coveredconditionals="0" methods="1" coveredmethods="1"/>
      <line num="2" count="1" type="stmt"/>
      <line num="4" count="1" type="stmt"/>
    </file>
  </project>
</coverage>
