{"/Users/zecharydouglas/CSCTTP/Summer-2023-preinternship-master-directory/Summer-2023-preinternship/day06-algorithms-and-unit-testing-in-js/factorial.js": {"path":"/Users/zecharydouglas/CSCTTP/Summer-2023-preinternship-master-directory/Summer-2023-preinternship/day06-algorithms-and-unit-testing-in-js/factorial.js","statementMap":{"0":{"start":{"line":2,"column":2},"end":{"line":4,"column":3}},"1":{"start":{"line":3,"column":4},"end":{"line":3,"column":13}},"2":{"start":{"line":6,"column":0},"end":{"line":6,"column":27}}},"fnMap":{"0":{"name":"factorial","decl":{"start":{"line":1,"column":9},"end":{"line":1,"column":18}},"loc":{"start":{"line":1,"column":22},"end":{"line":5,"column":1}},"line":1}},"branchMap":{"0":{"loc":{"start":{"line":2,"column":2},"end":{"line":4,"column":3}},"type":"if","locations":[{"start":{"line":2,"column":2},"end":{"line":4,"column":3}},{"start":{},"end":{}}],"line":2}},"s":{"0":1,"1":0,"2":1},"f":{"0":1},"b":{"0":[0,1]},"_coverageSchema":"1a1c01bbd47fc00a2c39e90264f33305004495a9","hash":"8a33cfb18000831520a43aea9a45008a16f0141b"}
,"/Users/zecharydouglas/CSCTTP/Summer-2023-preinternship-master-directory/Summer-2023-preinternship/day06-algorithms-and-unit-testing-in-js/findmax.js": {"path":"/Users/zecharydouglas/CSCTTP/Summer-2023-preinternship-master-directory/Summer-2023-preinternship/day06-algorithms-and-unit-testing-in-js/findmax.js","statementMap":{"0":{"start":{"line":2,"column":2},"end":{"line":6,"column":3}},"1":{"start":{"line":3,"column":4},"end":{"line":3,"column":16}},"2":{"start":{"line":4,"column":9},"end":{"line":6,"column":3}},"3":{"start":{"line":5,"column":4},"end":{"line":5,"column":18}},"4":{"start":{"line":7,"column":20},"end":{"line":7,"column":26}},"5":{"start":{"line":8,"column":2},"end":{"line":12,"column":3}},"6":{"start":{"line":8,"column":15},"end":{"line":8,"column":16}},"7":{"start":{"line":9,"column":4},"end":{"line":11,"column":5}},"8":{"start":{"line":10,"column":6},"end":{"line":10,"column":27}},"9":{"start":{"line":13,"column":2},"end":{"line":13,"column":21}},"10":{"start":{"line":15,"column":0},"end":{"line":15,"column":25}}},"fnMap":{"0":{"name":"findMax","decl":{"start":{"line":1,"column":9},"end":{"line":1,"column":16}},"loc":{"start":{"line":1,"column":22},"end":{"line":14,"column":1}},"line":1}},"branchMap":{"0":{"loc":{"start":{"line":2,"column":2},"end":{"line":6,"column":3}},"type":"if","locations":[{"start":{"line":2,"column":2},"end":{"line":6,"column":3}},{"start":{"line":4,"column":9},"end":{"line":6,"column":3}}],"line":2},"1":{"loc":{"start":{"line":4,"column":9},"end":{"line":6,"column":3}},"type":"if","locations":[{"start":{"line":4,"column":9},"end":{"line":6,"column":3}},{"start":{},"end":{}}],"line":4},"2":{"loc":{"start":{"line":9,"column":4},"end":{"line":11,"column":5}},"type":"if","locations":[{"start":{"line":9,"column":4},"end":{"line":11,"column":5}},{"start":{},"end":{}}],"line":9}},"s":{"0":3,"1":1,"2":2,"3":1,"4":1,"5":1,"6":1,"7":6,"8":3,"9":1,"10":1},"f":{"0":3},"b":{"0":[1,2],"1":[1,1],"2":[3,3]},"_coverageSchema":"1a1c01bbd47fc00a2c39e90264f33305004495a9","hash":"66a08c5174a61eb8776e46a93e8f9a48e27b6d32"}
,"/Users/zecharydouglas/CSCTTP/Summer-2023-preinternship-master-directory/Summer-2023-preinternship/day06-algorithms-and-unit-testing-in-js/sum.js": {"path":"/Users/zecharydouglas/CSCTTP/Summer-2023-preinternship-master-directory/Summer-2023-preinternship/day06-algorithms-and-unit-testing-in-js/sum.js","statementMap":{"0":{"start":{"line":2,"column":2},"end":{"line":2,"column":15}},"1":{"start":{"line":4,"column":0},"end":{"line":4,"column":21}}},"fnMap":{"0":{"name":"sum","decl":{"start":{"line":1,"column":9},"end":{"line":1,"column":12}},"loc":{"start":{"line":1,"column":19},"end":{"line":3,"column":1}},"line":1}},"branchMap":{},"s":{"0":1,"1":1},"f":{"0":1},"b":{},"_coverageSchema":"1a1c01bbd47fc00a2c39e90264f33305004495a9","hash":"df7c911eb36e660f4deb92578e1c6c982b1af3cd"}
}
